<?xml version="1.0" encoding="UTF-8"?>
<!-- Generated by org.testng.reporters.JUnitXMLReporter -->
<testsuite hostname="zoro" name="Default test" tests="51" failures="3" timestamp="21 Sep 2015 00:11:42 GMT" time="2.625" errors="0">
  <testcase name="compilingCode_throwsFunctionAlreadyDefinedException_whenDefiningFunctionTwice" time="0.09" classname="br.com.compiler.compiler.CompilerTest"/>
  <testcase name="compilingCode_throwsUndeclaredVariableException_ifReadingUndefinedVariable" time="0.008" classname="br.com.compiler.compiler.CompilerTest"/>
  <testcase name="compilingCode_throwsUndeclaredVariableException_ifWritingUndefinedVariable" time="0.002" classname="br.com.compiler.compiler.CompilerTest"/>
  <testcase name="compilingCode_throwsUndefinedFunctionException_whenCallingUndefinedFunction" time="0.002" classname="br.com.compiler.compiler.CompilerTest"/>
  <testcase name="compilingCode_throwsVariableAlreadyDefinedException_whenDefiningAlreadyDefinedVariable" time="0.001" classname="br.com.compiler.compiler.CompilerTest"/>
  <testcase name="runningCode_outputsExpectedText" time="0.1" classname="br.com.compiler.compiler.CompilerTest"/>
  <testcase name="runningCode_outputsExpectedText" time="0.049" classname="br.com.compiler.compiler.CompilerTest"/>
  <testcase name="runningCode_outputsExpectedText" time="0.052" classname="br.com.compiler.compiler.CompilerTest"/>
  <testcase name="runningCode_outputsExpectedText" time="0.049" classname="br.com.compiler.compiler.CompilerTest"/>
  <testcase name="runningCode_outputsExpectedText" time="0.059" classname="br.com.compiler.compiler.CompilerTest"/>
  <testcase name="runningCode_outputsExpectedText" time="0.065" classname="br.com.compiler.compiler.CompilerTest"/>
  <testcase name="runningCode_outputsExpectedText" time="0.053" classname="br.com.compiler.compiler.CompilerTest"/>
  <testcase name="runningCode_outputsExpectedText" time="0.049" classname="br.com.compiler.compiler.CompilerTest"/>
  <testcase name="runningCode_outputsExpectedText" time="0.053" classname="br.com.compiler.compiler.CompilerTest"/>
  <testcase name="runningCode_outputsExpectedText" time="0.05" classname="br.com.compiler.compiler.CompilerTest"/>
  <testcase name="runningCode_outputsExpectedText" time="0.051" classname="br.com.compiler.compiler.CompilerTest"/>
  <testcase name="runningCode_outputsExpectedText" time="0.052" classname="br.com.compiler.compiler.CompilerTest"/>
  <testcase name="runningCode_outputsExpectedText" time="0.054" classname="br.com.compiler.compiler.CompilerTest"/>
  <testcase name="runningCode_outputsExpectedText" time="0.051" classname="br.com.compiler.compiler.CompilerTest"/>
  <testcase name="runningCode_outputsExpectedText" time="0.052" classname="br.com.compiler.compiler.CompilerTest"/>
  <testcase name="runningCode_outputsExpectedText" time="0.055" classname="br.com.compiler.compiler.CompilerTest"/>
  <testcase name="runningCode_outputsExpectedText" time="0.052" classname="br.com.compiler.compiler.CompilerTest"/>
  <testcase name="runningCode_outputsExpectedText" time="0.051" classname="br.com.compiler.compiler.CompilerTest"/>
  <testcase name="runningCode_outputsExpectedText" time="0.052" classname="br.com.compiler.compiler.CompilerTest"/>
  <testcase name="runningCode_outputsExpectedText" time="0.053" classname="br.com.compiler.compiler.CompilerTest"/>
  <testcase name="runningCode_outputsExpectedText" time="0.049" classname="br.com.compiler.compiler.CompilerTest"/>
  <testcase name="runningCode_outputsExpectedText" time="0.048" classname="br.com.compiler.compiler.CompilerTest"/>
  <testcase name="runningCode_outputsExpectedText" time="0.048" classname="br.com.compiler.compiler.CompilerTest"/>
  <testcase name="runningCode_outputsExpectedText" time="0.057" classname="br.com.compiler.compiler.CompilerTest"/>
  <testcase name="runningCode_outputsExpectedText" time="0.056" classname="br.com.compiler.compiler.CompilerTest"/>
  <testcase name="runningCode_outputsExpectedText" time="0.049" classname="br.com.compiler.compiler.CompilerTest"/>
  <testcase name="runningCode_outputsExpectedText" time="0.053" classname="br.com.compiler.compiler.CompilerTest"/>
  <testcase name="runningCode_outputsExpectedText" time="0.049" classname="br.com.compiler.compiler.CompilerTest"/>
  <testcase name="runningCode_outputsExpectedText" time="0.051" classname="br.com.compiler.compiler.CompilerTest"/>
  <testcase name="runningCode_outputsExpectedText" time="0.052" classname="br.com.compiler.compiler.CompilerTest"/>
  <testcase name="runningCode_outputsExpectedText" time="0.066" classname="br.com.compiler.compiler.CompilerTest"/>
  <testcase name="runningCode_outputsExpectedText" time="0.052" classname="br.com.compiler.compiler.CompilerTest"/>
  <testcase name="runningCode_outputsExpectedText" time="0.057" classname="br.com.compiler.compiler.CompilerTest"/>
  <testcase name="runningCode_outputsExpectedText" time="0.051" classname="br.com.compiler.compiler.CompilerTest"/>
  <testcase name="runningCode_outputsExpectedText" time="0.067" classname="br.com.compiler.compiler.CompilerTest"/>
  <testcase name="runningCode_outputsExpectedText" time="0.048" classname="br.com.compiler.compiler.CompilerTest"/>
  <testcase name="runningCode_outputsExpectedText" time="0.048" classname="br.com.compiler.compiler.CompilerTest"/>
  <testcase name="runningCode_outputsExpectedText" time="0.049" classname="br.com.compiler.compiler.CompilerTest"/>
  <testcase name="runningCode_outputsExpectedText" time="0.054" classname="br.com.compiler.compiler.CompilerTest"/>
  <testcase name="runningCode_outputsExpectedText" time="0.046" classname="br.com.compiler.compiler.CompilerTest"/>
  <testcase name="runningCode_outputsExpectedText" time="0.05" classname="br.com.compiler.compiler.CompilerTest"/>
  <testcase name="runningCode_outputsExpectedText" time="0.002" classname="br.com.compiler.compiler.CompilerTest">
    <failure type="java.util.NoSuchElementException">
      <![CDATA[java.util.NoSuchElementException
	at java.util.LinkedList.removeFirst(LinkedList.java:268)
	at java.util.LinkedList.pop(LinkedList.java:799)
	at br.com.compiler.compiler.JvmStack.pop(JvmStack.java:15)
	at br.com.compiler.compiler.MyVisitor.visitPrint(MyVisitor.java:72)
	at br.com.compiler.compiler.MyVisitor.visitPrint(MyVisitor.java:1)
	at br.com.compiler.parser.DemoParser$PrintContext.accept(DemoParser.java:1130)
	at org.antlr.v4.runtime.tree.AbstractParseTreeVisitor.visitChildren(AbstractParseTreeVisitor.java:70)
	at br.com.compiler.parser.DemoBaseVisitor.visitStatement(DemoBaseVisitor.java:41)
	at br.com.compiler.parser.DemoParser$StatementContext.accept(DemoParser.java:251)
	at org.antlr.v4.runtime.tree.AbstractParseTreeVisitor.visitChildren(AbstractParseTreeVisitor.java:70)
	at br.com.compiler.parser.DemoBaseVisitor.visitMainStatement(DemoBaseVisitor.java:27)
	at br.com.compiler.parser.DemoParser$MainStatementContext.accept(DemoParser.java:180)
	at org.antlr.v4.runtime.tree.AbstractParseTreeVisitor.visit(AbstractParseTreeVisitor.java:42)
	at br.com.compiler.compiler.MyVisitor.visitProgram(MyVisitor.java:313)
	at br.com.compiler.compiler.MyVisitor.visitProgram(MyVisitor.java:1)
	at br.com.compiler.parser.DemoParser$ProgramContext.accept(DemoParser.java:112)
	at org.antlr.v4.runtime.tree.AbstractParseTreeVisitor.visit(AbstractParseTreeVisitor.java:42)
	at br.com.compiler.compiler.Main.compile(Main.java:28)
	at br.com.compiler.compiler.CompilerTest.compileAndRun(CompilerTest.java:235)
	at br.com.compiler.compiler.CompilerTest.runningCode_outputsExpectedText(CompilerTest.java:54)
	at sun.reflect.GeneratedMethodAccessor3.invoke(Unknown Source)
	at sun.reflect.DelegatingMethodAccessorImpl.invoke(DelegatingMethodAccessorImpl.java:43)
	at java.lang.reflect.Method.invoke(Method.java:606)
	at org.testng.internal.MethodInvocationHelper.invokeMethod(MethodInvocationHelper.java:85)
	at org.testng.internal.Invoker.invokeMethod(Invoker.java:639)
	at org.testng.internal.Invoker.invokeTestMethod(Invoker.java:816)
	at org.testng.internal.Invoker.invokeTestMethods(Invoker.java:1124)
	at org.testng.internal.TestMethodWorker.invokeTestMethods(TestMethodWorker.java:124)
	at org.testng.internal.TestMethodWorker.run(TestMethodWorker.java:108)
	at org.testng.TestRunner.privateRun(TestRunner.java:773)
	at org.testng.TestRunner.run(TestRunner.java:623)
	at org.testng.SuiteRunner.runTest(SuiteRunner.java:359)
	at org.testng.SuiteRunner.runSequentially(SuiteRunner.java:354)
	at org.testng.SuiteRunner.privateRun(SuiteRunner.java:312)
	at org.testng.SuiteRunner.run(SuiteRunner.java:261)
	at org.testng.SuiteRunnerWorker.runSuite(SuiteRunnerWorker.java:52)
	at org.testng.SuiteRunnerWorker.run(SuiteRunnerWorker.java:86)
	at org.testng.TestNG.runSuitesSequentially(TestNG.java:1185)
	at org.testng.TestNG.runSuitesLocally(TestNG.java:1110)
	at org.testng.TestNG.run(TestNG.java:1018)
	at org.testng.remote.RemoteTestNG.run(RemoteTestNG.java:112)
	at org.testng.remote.RemoteTestNG.initAndRun(RemoteTestNG.java:205)
	at org.testng.remote.RemoteTestNG.main(RemoteTestNG.java:176)
]]>
    </failure>
  </testcase> <!-- runningCode_outputsExpectedText -->
  <testcase name="runningCode_outputsExpectedText" time="0.055" classname="br.com.compiler.compiler.CompilerTest"/>
  <testcase name="runningCode_outputsExpectedText" time="0.002" classname="br.com.compiler.compiler.CompilerTest">
    <failure type="java.util.NoSuchElementException">
      <![CDATA[java.util.NoSuchElementException
	at java.util.LinkedList.removeFirst(LinkedList.java:268)
	at java.util.LinkedList.pop(LinkedList.java:799)
	at br.com.compiler.compiler.JvmStack.pop(JvmStack.java:15)
	at br.com.compiler.compiler.MyVisitor.visitPrint(MyVisitor.java:72)
	at br.com.compiler.compiler.MyVisitor.visitPrint(MyVisitor.java:1)
	at br.com.compiler.parser.DemoParser$PrintContext.accept(DemoParser.java:1130)
	at org.antlr.v4.runtime.tree.AbstractParseTreeVisitor.visitChildren(AbstractParseTreeVisitor.java:70)
	at br.com.compiler.parser.DemoBaseVisitor.visitStatement(DemoBaseVisitor.java:41)
	at br.com.compiler.parser.DemoParser$StatementContext.accept(DemoParser.java:251)
	at org.antlr.v4.runtime.tree.AbstractParseTreeVisitor.visitChildren(AbstractParseTreeVisitor.java:70)
	at br.com.compiler.parser.DemoBaseVisitor.visitMainStatement(DemoBaseVisitor.java:27)
	at br.com.compiler.parser.DemoParser$MainStatementContext.accept(DemoParser.java:180)
	at org.antlr.v4.runtime.tree.AbstractParseTreeVisitor.visit(AbstractParseTreeVisitor.java:42)
	at br.com.compiler.compiler.MyVisitor.visitProgram(MyVisitor.java:313)
	at br.com.compiler.compiler.MyVisitor.visitProgram(MyVisitor.java:1)
	at br.com.compiler.parser.DemoParser$ProgramContext.accept(DemoParser.java:112)
	at org.antlr.v4.runtime.tree.AbstractParseTreeVisitor.visit(AbstractParseTreeVisitor.java:42)
	at br.com.compiler.compiler.Main.compile(Main.java:28)
	at br.com.compiler.compiler.CompilerTest.compileAndRun(CompilerTest.java:235)
	at br.com.compiler.compiler.CompilerTest.runningCode_outputsExpectedText(CompilerTest.java:54)
	at sun.reflect.GeneratedMethodAccessor3.invoke(Unknown Source)
	at sun.reflect.DelegatingMethodAccessorImpl.invoke(DelegatingMethodAccessorImpl.java:43)
	at java.lang.reflect.Method.invoke(Method.java:606)
	at org.testng.internal.MethodInvocationHelper.invokeMethod(MethodInvocationHelper.java:85)
	at org.testng.internal.Invoker.invokeMethod(Invoker.java:639)
	at org.testng.internal.Invoker.invokeTestMethod(Invoker.java:816)
	at org.testng.internal.Invoker.invokeTestMethods(Invoker.java:1124)
	at org.testng.internal.TestMethodWorker.invokeTestMethods(TestMethodWorker.java:124)
	at org.testng.internal.TestMethodWorker.run(TestMethodWorker.java:108)
	at org.testng.TestRunner.privateRun(TestRunner.java:773)
	at org.testng.TestRunner.run(TestRunner.java:623)
	at org.testng.SuiteRunner.runTest(SuiteRunner.java:359)
	at org.testng.SuiteRunner.runSequentially(SuiteRunner.java:354)
	at org.testng.SuiteRunner.privateRun(SuiteRunner.java:312)
	at org.testng.SuiteRunner.run(SuiteRunner.java:261)
	at org.testng.SuiteRunnerWorker.runSuite(SuiteRunnerWorker.java:52)
	at org.testng.SuiteRunnerWorker.run(SuiteRunnerWorker.java:86)
	at org.testng.TestNG.runSuitesSequentially(TestNG.java:1185)
	at org.testng.TestNG.runSuitesLocally(TestNG.java:1110)
	at org.testng.TestNG.run(TestNG.java:1018)
	at org.testng.remote.RemoteTestNG.run(RemoteTestNG.java:112)
	at org.testng.remote.RemoteTestNG.initAndRun(RemoteTestNG.java:205)
	at org.testng.remote.RemoteTestNG.main(RemoteTestNG.java:176)
]]>
    </failure>
  </testcase> <!-- runningCode_outputsExpectedText -->
  <testcase name="runningCode_outputsExpectedText" time="0.051" classname="br.com.compiler.compiler.CompilerTest"/>
  <testcase name="runningCode_outputsExpectedText" time="0.05" classname="br.com.compiler.compiler.CompilerTest">
    <failure type="java.lang.AssertionError" message="expected [not implemented yet] but found [0
1
2
3
4
]">
      <![CDATA[java.lang.AssertionError: expected [not implemented yet] but found [0
1
2
3
4
]
	at org.testng.Assert.fail(Assert.java:94)
	at org.testng.Assert.failNotEquals(Assert.java:496)
	at org.testng.Assert.assertEquals(Assert.java:125)
	at org.testng.Assert.assertEquals(Assert.java:178)
	at org.testng.Assert.assertEquals(Assert.java:188)
	at br.com.compiler.compiler.CompilerTest.runningCode_outputsExpectedText(CompilerTest.java:57)
	at sun.reflect.GeneratedMethodAccessor3.invoke(Unknown Source)
	at sun.reflect.DelegatingMethodAccessorImpl.invoke(DelegatingMethodAccessorImpl.java:43)
	at java.lang.reflect.Method.invoke(Method.java:606)
	at org.testng.internal.MethodInvocationHelper.invokeMethod(MethodInvocationHelper.java:85)
	at org.testng.internal.Invoker.invokeMethod(Invoker.java:639)
	at org.testng.internal.Invoker.invokeTestMethod(Invoker.java:816)
	at org.testng.internal.Invoker.invokeTestMethods(Invoker.java:1124)
	at org.testng.internal.TestMethodWorker.invokeTestMethods(TestMethodWorker.java:124)
	at org.testng.internal.TestMethodWorker.run(TestMethodWorker.java:108)
	at org.testng.TestRunner.privateRun(TestRunner.java:773)
	at org.testng.TestRunner.run(TestRunner.java:623)
	at org.testng.SuiteRunner.runTest(SuiteRunner.java:359)
	at org.testng.SuiteRunner.runSequentially(SuiteRunner.java:354)
	at org.testng.SuiteRunner.privateRun(SuiteRunner.java:312)
	at org.testng.SuiteRunner.run(SuiteRunner.java:261)
	at org.testng.SuiteRunnerWorker.runSuite(SuiteRunnerWorker.java:52)
	at org.testng.SuiteRunnerWorker.run(SuiteRunnerWorker.java:86)
	at org.testng.TestNG.runSuitesSequentially(TestNG.java:1185)
	at org.testng.TestNG.runSuitesLocally(TestNG.java:1110)
	at org.testng.TestNG.run(TestNG.java:1018)
	at org.testng.remote.RemoteTestNG.run(RemoteTestNG.java:112)
	at org.testng.remote.RemoteTestNG.initAndRun(RemoteTestNG.java:205)
	at org.testng.remote.RemoteTestNG.main(RemoteTestNG.java:176)
]]>
    </failure>
  </testcase> <!-- runningCode_outputsExpectedText -->
</testsuite> <!-- Default test -->
