<!DOCTYPE html PUBLIC "-//W3C//DTD XHTML 1.1//EN" "http://www.w3.org/TR/xhtml11/DTD/xhtml11.dtd">
<html xmlns="http://www.w3.org/1999/xhtml"><head><title>TestNG Report</title><style type="text/css">table {margin-bottom:10px;border-collapse:collapse;empty-cells:show}th,td {border:1px solid #009;padding:.25em .5em}th {vertical-align:bottom}td {vertical-align:top}table a {font-weight:bold}.stripe td {background-color: #E6EBF9}.num {text-align:right}.passedodd td {background-color: #3F3}.passedeven td {background-color: #0A0}.skippedodd td {background-color: #DDD}.skippedeven td {background-color: #CCC}.failedodd td,.attn {background-color: #F33}.failedeven td,.stripe .attn {background-color: #D00}.stacktrace {white-space:pre;font-family:monospace}.totop {font-size:85%;text-align:center;border-bottom:2px solid #000}</style></head><body><table><tr><th>Test</th><th># Passed</th><th># Skipped</th><th># Failed</th><th>Time (ms)</th><th>Included Groups</th><th>Excluded Groups</th></tr><tr><th colspan="7">Default suite</th></tr><tr><td><a href="#t0">Default test</a></td><td class="num">48</td><td class="num">0</td><td class="num attn">3</td><td class="num">2.625</td><td></td><td></td></tr></table><table><thead><tr><th>Class</th><th>Method</th><th>Start</th><th>Time (ms)</th></tr></thead><tbody><tr><th colspan="4">Default suite</th></tr></tbody><tbody id="t0"><tr><th colspan="4">Default test &#8212; failed</th></tr><tr class="failedeven"><td rowspan="3">br.com.compiler.compiler.CompilerTest</td><td><a href="#m0">runningCode_outputsExpectedText</a></td><td rowspan="3">1442794301954</td><td rowspan="3">2</td></tr><tr class="failedeven"><td><a href="#m1">runningCode_outputsExpectedText</a></td></tr><tr class="failedeven"><td><a href="#m2">runningCode_outputsExpectedText</a></td></tr><tr><th colspan="4">Default test &#8212; passed</th></tr><tr class="passedeven"><td rowspan="48">br.com.compiler.compiler.CompilerTest</td><td><a href="#m3">compilingCode_throwsFunctionAlreadyDefinedException_whenDefiningFunctionTwice</a></td><td rowspan="1">1442794299527</td><td rowspan="1">90</td></tr><tr class="passedeven"><td><a href="#m4">compilingCode_throwsUndeclaredVariableException_ifReadingUndefinedVariable</a></td><td rowspan="1">1442794299624</td><td rowspan="1">8</td></tr><tr class="passedeven"><td><a href="#m5">compilingCode_throwsUndeclaredVariableException_ifWritingUndefinedVariable</a></td><td rowspan="1">1442794299637</td><td rowspan="1">2</td></tr><tr class="passedeven"><td><a href="#m6">compilingCode_throwsUndefinedFunctionException_whenCallingUndefinedFunction</a></td><td rowspan="1">1442794299644</td><td rowspan="1">2</td></tr><tr class="passedeven"><td><a href="#m7">compilingCode_throwsVariableAlreadyDefinedException_whenDefiningAlreadyDefinedVariable</a></td><td rowspan="1">1442794299651</td><td rowspan="1">1</td></tr><tr class="passedeven"><td><a href="#m8">runningCode_outputsExpectedText</a></td><td rowspan="43">1442794301348</td><td rowspan="43">66</td></tr><tr class="passedeven"><td><a href="#m9">runningCode_outputsExpectedText</a></td></tr><tr class="passedeven"><td><a href="#m10">runningCode_outputsExpectedText</a></td></tr><tr class="passedeven"><td><a href="#m11">runningCode_outputsExpectedText</a></td></tr><tr class="passedeven"><td><a href="#m12">runningCode_outputsExpectedText</a></td></tr><tr class="passedeven"><td><a href="#m13">runningCode_outputsExpectedText</a></td></tr><tr class="passedeven"><td><a href="#m14">runningCode_outputsExpectedText</a></td></tr><tr class="passedeven"><td><a href="#m15">runningCode_outputsExpectedText</a></td></tr><tr class="passedeven"><td><a href="#m16">runningCode_outputsExpectedText</a></td></tr><tr class="passedeven"><td><a href="#m17">runningCode_outputsExpectedText</a></td></tr><tr class="passedeven"><td><a href="#m18">runningCode_outputsExpectedText</a></td></tr><tr class="passedeven"><td><a href="#m19">runningCode_outputsExpectedText</a></td></tr><tr class="passedeven"><td><a href="#m20">runningCode_outputsExpectedText</a></td></tr><tr class="passedeven"><td><a href="#m21">runningCode_outputsExpectedText</a></td></tr><tr class="passedeven"><td><a href="#m22">runningCode_outputsExpectedText</a></td></tr><tr class="passedeven"><td><a href="#m23">runningCode_outputsExpectedText</a></td></tr><tr class="passedeven"><td><a href="#m24">runningCode_outputsExpectedText</a></td></tr><tr class="passedeven"><td><a href="#m25">runningCode_outputsExpectedText</a></td></tr><tr class="passedeven"><td><a href="#m26">runningCode_outputsExpectedText</a></td></tr><tr class="passedeven"><td><a href="#m27">runningCode_outputsExpectedText</a></td></tr><tr class="passedeven"><td><a href="#m28">runningCode_outputsExpectedText</a></td></tr><tr class="passedeven"><td><a href="#m29">runningCode_outputsExpectedText</a></td></tr><tr class="passedeven"><td><a href="#m30">runningCode_outputsExpectedText</a></td></tr><tr class="passedeven"><td><a href="#m31">runningCode_outputsExpectedText</a></td></tr><tr class="passedeven"><td><a href="#m32">runningCode_outputsExpectedText</a></td></tr><tr class="passedeven"><td><a href="#m33">runningCode_outputsExpectedText</a></td></tr><tr class="passedeven"><td><a href="#m34">runningCode_outputsExpectedText</a></td></tr><tr class="passedeven"><td><a href="#m35">runningCode_outputsExpectedText</a></td></tr><tr class="passedeven"><td><a href="#m36">runningCode_outputsExpectedText</a></td></tr><tr class="passedeven"><td><a href="#m37">runningCode_outputsExpectedText</a></td></tr><tr class="passedeven"><td><a href="#m38">runningCode_outputsExpectedText</a></td></tr><tr class="passedeven"><td><a href="#m39">runningCode_outputsExpectedText</a></td></tr><tr class="passedeven"><td><a href="#m40">runningCode_outputsExpectedText</a></td></tr><tr class="passedeven"><td><a href="#m41">runningCode_outputsExpectedText</a></td></tr><tr class="passedeven"><td><a href="#m42">runningCode_outputsExpectedText</a></td></tr><tr class="passedeven"><td><a href="#m43">runningCode_outputsExpectedText</a></td></tr><tr class="passedeven"><td><a href="#m44">runningCode_outputsExpectedText</a></td></tr><tr class="passedeven"><td><a href="#m45">runningCode_outputsExpectedText</a></td></tr><tr class="passedeven"><td><a href="#m46">runningCode_outputsExpectedText</a></td></tr><tr class="passedeven"><td><a href="#m47">runningCode_outputsExpectedText</a></td></tr><tr class="passedeven"><td><a href="#m48">runningCode_outputsExpectedText</a></td></tr><tr class="passedeven"><td><a href="#m49">runningCode_outputsExpectedText</a></td></tr><tr class="passedeven"><td><a href="#m50">runningCode_outputsExpectedText</a></td></tr></tbody></table><h2>Default test</h2><h3 id="m0">br.com.compiler.compiler.CompilerTest#runningCode_outputsExpectedText</h3><table class="result"><tr class="param"><th>Parameter #1</th><th>Parameter #2</th><th>Parameter #3</th></tr><tr class="param stripe"><td>unary/unary-plus-plus-inline</td><td>int w = 0;
print(w++);</td><td>1</td></tr><tr><th colspan="3">Exception</th></tr><tr><td colspan="3"><div class="stacktrace">java.util.NoSuchElementException
	at java.util.LinkedList.removeFirst(LinkedList.java:268)
	at java.util.LinkedList.pop(LinkedList.java:799)
	at br.com.compiler.compiler.JvmStack.pop(JvmStack.java:15)
	at br.com.compiler.compiler.MyVisitor.visitPrint(MyVisitor.java:72)
	at br.com.compiler.compiler.MyVisitor.visitPrint(MyVisitor.java:1)
	at br.com.compiler.parser.DemoParser$PrintContext.accept(DemoParser.java:1130)
	at org.antlr.v4.runtime.tree.AbstractParseTreeVisitor.visitChildren(AbstractParseTreeVisitor.java:70)
	at br.com.compiler.parser.DemoBaseVisitor.visitStatement(DemoBaseVisitor.java:41)
	at br.com.compiler.parser.DemoParser$StatementContext.accept(DemoParser.java:251)
	at org.antlr.v4.runtime.tree.AbstractParseTreeVisitor.visitChildren(AbstractParseTreeVisitor.java:70)
	at br.com.compiler.parser.DemoBaseVisitor.visitMainStatement(DemoBaseVisitor.java:27)
	at br.com.compiler.parser.DemoParser$MainStatementContext.accept(DemoParser.java:180)
	at org.antlr.v4.runtime.tree.AbstractParseTreeVisitor.visit(AbstractParseTreeVisitor.java:42)
	at br.com.compiler.compiler.MyVisitor.visitProgram(MyVisitor.java:313)
	at br.com.compiler.compiler.MyVisitor.visitProgram(MyVisitor.java:1)
	at br.com.compiler.parser.DemoParser$ProgramContext.accept(DemoParser.java:112)
	at org.antlr.v4.runtime.tree.AbstractParseTreeVisitor.visit(AbstractParseTreeVisitor.java:42)
	at br.com.compiler.compiler.Main.compile(Main.java:28)
	at br.com.compiler.compiler.CompilerTest.compileAndRun(CompilerTest.java:235)
	at br.com.compiler.compiler.CompilerTest.runningCode_outputsExpectedText(CompilerTest.java:54)
	at sun.reflect.GeneratedMethodAccessor3.invoke(Unknown Source)
	at sun.reflect.DelegatingMethodAccessorImpl.invoke(DelegatingMethodAccessorImpl.java:43)
	at java.lang.reflect.Method.invoke(Method.java:606)
	at org.testng.internal.MethodInvocationHelper.invokeMethod(MethodInvocationHelper.java:85)
	at org.testng.internal.Invoker.invokeMethod(Invoker.java:639)
	at org.testng.internal.Invoker.invokeTestMethod(Invoker.java:816)
	at org.testng.internal.Invoker.invokeTestMethods(Invoker.java:1124)
	at org.testng.internal.TestMethodWorker.invokeTestMethods(TestMethodWorker.java:124)
	at org.testng.internal.TestMethodWorker.run(TestMethodWorker.java:108)
	at org.testng.TestRunner.privateRun(TestRunner.java:773)
	at org.testng.TestRunner.run(TestRunner.java:623)
	at org.testng.SuiteRunner.runTest(SuiteRunner.java:359)
	at org.testng.SuiteRunner.runSequentially(SuiteRunner.java:354)
	at org.testng.SuiteRunner.privateRun(SuiteRunner.java:312)
	at org.testng.SuiteRunner.run(SuiteRunner.java:261)
	at org.testng.SuiteRunnerWorker.runSuite(SuiteRunnerWorker.java:52)
	at org.testng.SuiteRunnerWorker.run(SuiteRunnerWorker.java:86)
	at org.testng.TestNG.runSuitesSequentially(TestNG.java:1185)
	at org.testng.TestNG.runSuitesLocally(TestNG.java:1110)
	at org.testng.TestNG.run(TestNG.java:1018)
	at org.testng.remote.RemoteTestNG.run(RemoteTestNG.java:112)
	at org.testng.remote.RemoteTestNG.initAndRun(RemoteTestNG.java:205)
	at org.testng.remote.RemoteTestNG.main(RemoteTestNG.java:176)
</div></td></tr></table><p class="totop"><a href="#summary">back to summary</a></p><h3 id="m1">br.com.compiler.compiler.CompilerTest#runningCode_outputsExpectedText</h3><table class="result"><tr class="param"><th>Parameter #1</th><th>Parameter #2</th><th>Parameter #3</th></tr><tr class="param stripe"><td>whileStatement/while_stat</td><td>int i = 0;
while (i &lt; 5) {
  println(i);
  i = i + 1;
}</td><td>not implemented yet</td></tr><tr><th colspan="3">Exception</th></tr><tr><td colspan="3"><div class="stacktrace">java.lang.AssertionError: expected [not implemented yet] but found [0
1
2
3
4
]
	at org.testng.Assert.fail(Assert.java:94)
	at org.testng.Assert.failNotEquals(Assert.java:496)
	at org.testng.Assert.assertEquals(Assert.java:125)
	at org.testng.Assert.assertEquals(Assert.java:178)
	at org.testng.Assert.assertEquals(Assert.java:188)
	at br.com.compiler.compiler.CompilerTest.runningCode_outputsExpectedText(CompilerTest.java:57)
	at sun.reflect.GeneratedMethodAccessor3.invoke(Unknown Source)
	at sun.reflect.DelegatingMethodAccessorImpl.invoke(DelegatingMethodAccessorImpl.java:43)
	at java.lang.reflect.Method.invoke(Method.java:606)
	at org.testng.internal.MethodInvocationHelper.invokeMethod(MethodInvocationHelper.java:85)
	at org.testng.internal.Invoker.invokeMethod(Invoker.java:639)
	at org.testng.internal.Invoker.invokeTestMethod(Invoker.java:816)
	at org.testng.internal.Invoker.invokeTestMethods(Invoker.java:1124)
	at org.testng.internal.TestMethodWorker.invokeTestMethods(TestMethodWorker.java:124)
	at org.testng.internal.TestMethodWorker.run(TestMethodWorker.java:108)
	at org.testng.TestRunner.privateRun(TestRunner.java:773)
	at org.testng.TestRunner.run(TestRunner.java:623)
	at org.testng.SuiteRunner.runTest(SuiteRunner.java:359)
	at org.testng.SuiteRunner.runSequentially(SuiteRunner.java:354)
	at org.testng.SuiteRunner.privateRun(SuiteRunner.java:312)
	at org.testng.SuiteRunner.run(SuiteRunner.java:261)
	at org.testng.SuiteRunnerWorker.runSuite(SuiteRunnerWorker.java:52)
	at org.testng.SuiteRunnerWorker.run(SuiteRunnerWorker.java:86)
	at org.testng.TestNG.runSuitesSequentially(TestNG.java:1185)
	at org.testng.TestNG.runSuitesLocally(TestNG.java:1110)
	at org.testng.TestNG.run(TestNG.java:1018)
	at org.testng.remote.RemoteTestNG.run(RemoteTestNG.java:112)
	at org.testng.remote.RemoteTestNG.initAndRun(RemoteTestNG.java:205)
	at org.testng.remote.RemoteTestNG.main(RemoteTestNG.java:176)
</div></td></tr></table><p class="totop"><a href="#summary">back to summary</a></p><h3 id="m2">br.com.compiler.compiler.CompilerTest#runningCode_outputsExpectedText</h3><table class="result"><tr class="param"><th>Parameter #1</th><th>Parameter #2</th><th>Parameter #3</th></tr><tr class="param stripe"><td>unary/unary-minus-minus-inline</td><td>int w = 0;
print(w--);</td><td>-1</td></tr><tr><th colspan="3">Exception</th></tr><tr><td colspan="3"><div class="stacktrace">java.util.NoSuchElementException
	at java.util.LinkedList.removeFirst(LinkedList.java:268)
	at java.util.LinkedList.pop(LinkedList.java:799)
	at br.com.compiler.compiler.JvmStack.pop(JvmStack.java:15)
	at br.com.compiler.compiler.MyVisitor.visitPrint(MyVisitor.java:72)
	at br.com.compiler.compiler.MyVisitor.visitPrint(MyVisitor.java:1)
	at br.com.compiler.parser.DemoParser$PrintContext.accept(DemoParser.java:1130)
	at org.antlr.v4.runtime.tree.AbstractParseTreeVisitor.visitChildren(AbstractParseTreeVisitor.java:70)
	at br.com.compiler.parser.DemoBaseVisitor.visitStatement(DemoBaseVisitor.java:41)
	at br.com.compiler.parser.DemoParser$StatementContext.accept(DemoParser.java:251)
	at org.antlr.v4.runtime.tree.AbstractParseTreeVisitor.visitChildren(AbstractParseTreeVisitor.java:70)
	at br.com.compiler.parser.DemoBaseVisitor.visitMainStatement(DemoBaseVisitor.java:27)
	at br.com.compiler.parser.DemoParser$MainStatementContext.accept(DemoParser.java:180)
	at org.antlr.v4.runtime.tree.AbstractParseTreeVisitor.visit(AbstractParseTreeVisitor.java:42)
	at br.com.compiler.compiler.MyVisitor.visitProgram(MyVisitor.java:313)
	at br.com.compiler.compiler.MyVisitor.visitProgram(MyVisitor.java:1)
	at br.com.compiler.parser.DemoParser$ProgramContext.accept(DemoParser.java:112)
	at org.antlr.v4.runtime.tree.AbstractParseTreeVisitor.visit(AbstractParseTreeVisitor.java:42)
	at br.com.compiler.compiler.Main.compile(Main.java:28)
	at br.com.compiler.compiler.CompilerTest.compileAndRun(CompilerTest.java:235)
	at br.com.compiler.compiler.CompilerTest.runningCode_outputsExpectedText(CompilerTest.java:54)
	at sun.reflect.GeneratedMethodAccessor3.invoke(Unknown Source)
	at sun.reflect.DelegatingMethodAccessorImpl.invoke(DelegatingMethodAccessorImpl.java:43)
	at java.lang.reflect.Method.invoke(Method.java:606)
	at org.testng.internal.MethodInvocationHelper.invokeMethod(MethodInvocationHelper.java:85)
	at org.testng.internal.Invoker.invokeMethod(Invoker.java:639)
	at org.testng.internal.Invoker.invokeTestMethod(Invoker.java:816)
	at org.testng.internal.Invoker.invokeTestMethods(Invoker.java:1124)
	at org.testng.internal.TestMethodWorker.invokeTestMethods(TestMethodWorker.java:124)
	at org.testng.internal.TestMethodWorker.run(TestMethodWorker.java:108)
	at org.testng.TestRunner.privateRun(TestRunner.java:773)
	at org.testng.TestRunner.run(TestRunner.java:623)
	at org.testng.SuiteRunner.runTest(SuiteRunner.java:359)
	at org.testng.SuiteRunner.runSequentially(SuiteRunner.java:354)
	at org.testng.SuiteRunner.privateRun(SuiteRunner.java:312)
	at org.testng.SuiteRunner.run(SuiteRunner.java:261)
	at org.testng.SuiteRunnerWorker.runSuite(SuiteRunnerWorker.java:52)
	at org.testng.SuiteRunnerWorker.run(SuiteRunnerWorker.java:86)
	at org.testng.TestNG.runSuitesSequentially(TestNG.java:1185)
	at org.testng.TestNG.runSuitesLocally(TestNG.java:1110)
	at org.testng.TestNG.run(TestNG.java:1018)
	at org.testng.remote.RemoteTestNG.run(RemoteTestNG.java:112)
	at org.testng.remote.RemoteTestNG.initAndRun(RemoteTestNG.java:205)
	at org.testng.remote.RemoteTestNG.main(RemoteTestNG.java:176)
</div></td></tr></table><p class="totop"><a href="#summary">back to summary</a></p><h3 id="m3">br.com.compiler.compiler.CompilerTest#compilingCode_throwsFunctionAlreadyDefinedException_whenDefiningFunctionTwice</h3><table class="result"><tr><th>Expected Exception</th></tr><tr><td><div class="stacktrace">br.com.compiler.compiler.exceptions.FunctionAlreadyDefinedException: 2:4 function already defined: &lt;x&gt;
	at br.com.compiler.compiler.FunctionDefinitionFinder$1.visitFunctionDefinition(FunctionDefinitionFinder.java:20)
	at br.com.compiler.compiler.FunctionDefinitionFinder$1.visitFunctionDefinition(FunctionDefinitionFinder.java:1)
	at br.com.compiler.parser.DemoParser$FunctionDefinitionContext.accept(DemoParser.java:1185)
	at org.antlr.v4.runtime.tree.AbstractParseTreeVisitor.visitChildren(AbstractParseTreeVisitor.java:70)
	at br.com.compiler.parser.DemoBaseVisitor.visitProgPartFunctionDefinition(DemoBaseVisitor.java:34)
	at br.com.compiler.parser.DemoParser$ProgPartFunctionDefinitionContext.accept(DemoParser.java:169)
	at org.antlr.v4.runtime.tree.AbstractParseTreeVisitor.visitChildren(AbstractParseTreeVisitor.java:70)
	at br.com.compiler.parser.DemoBaseVisitor.visitProgram(DemoBaseVisitor.java:20)
	at br.com.compiler.parser.DemoParser$ProgramContext.accept(DemoParser.java:112)
	at org.antlr.v4.runtime.tree.AbstractParseTreeVisitor.visit(AbstractParseTreeVisitor.java:42)
	at br.com.compiler.compiler.FunctionDefinitionFinder.findFunctions(FunctionDefinitionFinder.java:25)
	at br.com.compiler.compiler.Main.compile(Main.java:27)
	at br.com.compiler.compiler.CompilerTest.compileAndRun(CompilerTest.java:235)
	at br.com.compiler.compiler.CompilerTest.compilingCode_throwsFunctionAlreadyDefinedException_whenDefiningFunctionTwice(CompilerTest.java:100)
	at sun.reflect.NativeMethodAccessorImpl.invoke0(Native Method)
	at sun.reflect.NativeMethodAccessorImpl.invoke(NativeMethodAccessorImpl.java:57)
	at sun.reflect.DelegatingMethodAccessorImpl.invoke(DelegatingMethodAccessorImpl.java:43)
	at java.lang.reflect.Method.invoke(Method.java:606)
	at org.testng.internal.MethodInvocationHelper.invokeMethod(MethodInvocationHelper.java:85)
	at org.testng.internal.Invoker.invokeMethod(Invoker.java:639)
	at org.testng.internal.Invoker.invokeTestMethod(Invoker.java:816)
	at org.testng.internal.Invoker.invokeTestMethods(Invoker.java:1124)
	at org.testng.internal.TestMethodWorker.invokeTestMethods(TestMethodWorker.java:124)
	at org.testng.internal.TestMethodWorker.run(TestMethodWorker.java:108)
	at org.testng.TestRunner.privateRun(TestRunner.java:773)
	at org.testng.TestRunner.run(TestRunner.java:623)
	at org.testng.SuiteRunner.runTest(SuiteRunner.java:359)
	at org.testng.SuiteRunner.runSequentially(SuiteRunner.java:354)
	at org.testng.SuiteRunner.privateRun(SuiteRunner.java:312)
	at org.testng.SuiteRunner.run(SuiteRunner.java:261)
	at org.testng.SuiteRunnerWorker.runSuite(SuiteRunnerWorker.java:52)
	at org.testng.SuiteRunnerWorker.run(SuiteRunnerWorker.java:86)
	at org.testng.TestNG.runSuitesSequentially(TestNG.java:1185)
	at org.testng.TestNG.runSuitesLocally(TestNG.java:1110)
	at org.testng.TestNG.run(TestNG.java:1018)
	at org.testng.remote.RemoteTestNG.run(RemoteTestNG.java:112)
	at org.testng.remote.RemoteTestNG.initAndRun(RemoteTestNG.java:205)
	at org.testng.remote.RemoteTestNG.main(RemoteTestNG.java:176)
</div></td></tr></table><p class="totop"><a href="#summary">back to summary</a></p><h3 id="m4">br.com.compiler.compiler.CompilerTest#compilingCode_throwsUndeclaredVariableException_ifReadingUndefinedVariable</h3><table class="result"><tr><th>Expected Exception</th></tr><tr><td><div class="stacktrace">br.com.compiler.compiler.exceptions.UndeclaredVariableException: 1:8 undeclared variable &lt;x&gt;
	at br.com.compiler.compiler.MyVisitor.requiredVariableIndex(MyVisitor.java:372)
	at br.com.compiler.compiler.MyVisitor.visitVariable(MyVisitor.java:250)
	at br.com.compiler.compiler.MyVisitor.visitVariable(MyVisitor.java:1)
	at br.com.compiler.parser.DemoParser$VariableContext.accept(DemoParser.java:581)
	at org.antlr.v4.runtime.tree.AbstractParseTreeVisitor.visit(AbstractParseTreeVisitor.java:42)
	at br.com.compiler.compiler.MyVisitor.visitPrintln(MyVisitor.java:61)
	at br.com.compiler.compiler.MyVisitor.visitPrintln(MyVisitor.java:1)
	at br.com.compiler.parser.DemoParser$PrintlnContext.accept(DemoParser.java:1089)
	at org.antlr.v4.runtime.tree.AbstractParseTreeVisitor.visitChildren(AbstractParseTreeVisitor.java:70)
	at br.com.compiler.parser.DemoBaseVisitor.visitStatement(DemoBaseVisitor.java:41)
	at br.com.compiler.parser.DemoParser$StatementContext.accept(DemoParser.java:251)
	at org.antlr.v4.runtime.tree.AbstractParseTreeVisitor.visitChildren(AbstractParseTreeVisitor.java:70)
	at br.com.compiler.parser.DemoBaseVisitor.visitMainStatement(DemoBaseVisitor.java:27)
	at br.com.compiler.parser.DemoParser$MainStatementContext.accept(DemoParser.java:180)
	at org.antlr.v4.runtime.tree.AbstractParseTreeVisitor.visit(AbstractParseTreeVisitor.java:42)
	at br.com.compiler.compiler.MyVisitor.visitProgram(MyVisitor.java:313)
	at br.com.compiler.compiler.MyVisitor.visitProgram(MyVisitor.java:1)
	at br.com.compiler.parser.DemoParser$ProgramContext.accept(DemoParser.java:112)
	at org.antlr.v4.runtime.tree.AbstractParseTreeVisitor.visit(AbstractParseTreeVisitor.java:42)
	at br.com.compiler.compiler.Main.compile(Main.java:28)
	at br.com.compiler.compiler.CompilerTest.compileAndRun(CompilerTest.java:235)
	at br.com.compiler.compiler.CompilerTest.compilingCode_throwsUndeclaredVariableException_ifReadingUndefinedVariable(CompilerTest.java:64)
	at sun.reflect.NativeMethodAccessorImpl.invoke0(Native Method)
	at sun.reflect.NativeMethodAccessorImpl.invoke(NativeMethodAccessorImpl.java:57)
	at sun.reflect.DelegatingMethodAccessorImpl.invoke(DelegatingMethodAccessorImpl.java:43)
	at java.lang.reflect.Method.invoke(Method.java:606)
	at org.testng.internal.MethodInvocationHelper.invokeMethod(MethodInvocationHelper.java:85)
	at org.testng.internal.Invoker.invokeMethod(Invoker.java:639)
	at org.testng.internal.Invoker.invokeTestMethod(Invoker.java:816)
	at org.testng.internal.Invoker.invokeTestMethods(Invoker.java:1124)
	at org.testng.internal.TestMethodWorker.invokeTestMethods(TestMethodWorker.java:124)
	at org.testng.internal.TestMethodWorker.run(TestMethodWorker.java:108)
	at org.testng.TestRunner.privateRun(TestRunner.java:773)
	at org.testng.TestRunner.run(TestRunner.java:623)
	at org.testng.SuiteRunner.runTest(SuiteRunner.java:359)
	at org.testng.SuiteRunner.runSequentially(SuiteRunner.java:354)
	at org.testng.SuiteRunner.privateRun(SuiteRunner.java:312)
	at org.testng.SuiteRunner.run(SuiteRunner.java:261)
	at org.testng.SuiteRunnerWorker.runSuite(SuiteRunnerWorker.java:52)
	at org.testng.SuiteRunnerWorker.run(SuiteRunnerWorker.java:86)
	at org.testng.TestNG.runSuitesSequentially(TestNG.java:1185)
	at org.testng.TestNG.runSuitesLocally(TestNG.java:1110)
	at org.testng.TestNG.run(TestNG.java:1018)
	at org.testng.remote.RemoteTestNG.run(RemoteTestNG.java:112)
	at org.testng.remote.RemoteTestNG.initAndRun(RemoteTestNG.java:205)
	at org.testng.remote.RemoteTestNG.main(RemoteTestNG.java:176)
</div></td></tr></table><p class="totop"><a href="#summary">back to summary</a></p><h3 id="m5">br.com.compiler.compiler.CompilerTest#compilingCode_throwsUndeclaredVariableException_ifWritingUndefinedVariable</h3><table class="result"><tr><th>Expected Exception</th></tr><tr><td><div class="stacktrace">br.com.compiler.compiler.exceptions.UndeclaredVariableException: 1:0 undeclared variable &lt;x&gt;
	at br.com.compiler.compiler.MyVisitor.requiredVariableIndex(MyVisitor.java:372)
	at br.com.compiler.compiler.MyVisitor.visitAssignment(MyVisitor.java:242)
	at br.com.compiler.compiler.MyVisitor.visitAssignment(MyVisitor.java:1)
	at br.com.compiler.parser.DemoParser$AssignmentContext.accept(DemoParser.java:1048)
	at org.antlr.v4.runtime.tree.AbstractParseTreeVisitor.visitChildren(AbstractParseTreeVisitor.java:70)
	at br.com.compiler.parser.DemoBaseVisitor.visitStatement(DemoBaseVisitor.java:41)
	at br.com.compiler.parser.DemoParser$StatementContext.accept(DemoParser.java:251)
	at org.antlr.v4.runtime.tree.AbstractParseTreeVisitor.visitChildren(AbstractParseTreeVisitor.java:70)
	at br.com.compiler.parser.DemoBaseVisitor.visitMainStatement(DemoBaseVisitor.java:27)
	at br.com.compiler.parser.DemoParser$MainStatementContext.accept(DemoParser.java:180)
	at org.antlr.v4.runtime.tree.AbstractParseTreeVisitor.visit(AbstractParseTreeVisitor.java:42)
	at br.com.compiler.compiler.MyVisitor.visitProgram(MyVisitor.java:313)
	at br.com.compiler.compiler.MyVisitor.visitProgram(MyVisitor.java:1)
	at br.com.compiler.parser.DemoParser$ProgramContext.accept(DemoParser.java:112)
	at org.antlr.v4.runtime.tree.AbstractParseTreeVisitor.visit(AbstractParseTreeVisitor.java:42)
	at br.com.compiler.compiler.Main.compile(Main.java:28)
	at br.com.compiler.compiler.CompilerTest.compileAndRun(CompilerTest.java:235)
	at br.com.compiler.compiler.CompilerTest.compilingCode_throwsUndeclaredVariableException_ifWritingUndefinedVariable(CompilerTest.java:73)
	at sun.reflect.NativeMethodAccessorImpl.invoke0(Native Method)
	at sun.reflect.NativeMethodAccessorImpl.invoke(NativeMethodAccessorImpl.java:57)
	at sun.reflect.DelegatingMethodAccessorImpl.invoke(DelegatingMethodAccessorImpl.java:43)
	at java.lang.reflect.Method.invoke(Method.java:606)
	at org.testng.internal.MethodInvocationHelper.invokeMethod(MethodInvocationHelper.java:85)
	at org.testng.internal.Invoker.invokeMethod(Invoker.java:639)
	at org.testng.internal.Invoker.invokeTestMethod(Invoker.java:816)
	at org.testng.internal.Invoker.invokeTestMethods(Invoker.java:1124)
	at org.testng.internal.TestMethodWorker.invokeTestMethods(TestMethodWorker.java:124)
	at org.testng.internal.TestMethodWorker.run(TestMethodWorker.java:108)
	at org.testng.TestRunner.privateRun(TestRunner.java:773)
	at org.testng.TestRunner.run(TestRunner.java:623)
	at org.testng.SuiteRunner.runTest(SuiteRunner.java:359)
	at org.testng.SuiteRunner.runSequentially(SuiteRunner.java:354)
	at org.testng.SuiteRunner.privateRun(SuiteRunner.java:312)
	at org.testng.SuiteRunner.run(SuiteRunner.java:261)
	at org.testng.SuiteRunnerWorker.runSuite(SuiteRunnerWorker.java:52)
	at org.testng.SuiteRunnerWorker.run(SuiteRunnerWorker.java:86)
	at org.testng.TestNG.runSuitesSequentially(TestNG.java:1185)
	at org.testng.TestNG.runSuitesLocally(TestNG.java:1110)
	at org.testng.TestNG.run(TestNG.java:1018)
	at org.testng.remote.RemoteTestNG.run(RemoteTestNG.java:112)
	at org.testng.remote.RemoteTestNG.initAndRun(RemoteTestNG.java:205)
	at org.testng.remote.RemoteTestNG.main(RemoteTestNG.java:176)
</div></td></tr></table><p class="totop"><a href="#summary">back to summary</a></p><h3 id="m6">br.com.compiler.compiler.CompilerTest#compilingCode_throwsUndefinedFunctionException_whenCallingUndefinedFunction</h3><table class="result"><tr><th>Expected Exception</th></tr><tr><td><div class="stacktrace">br.com.compiler.compiler.exceptions.UndefinedFunctionException: 1:8 call to undefined function: &lt;someUndefinedFunction&gt;
	at br.com.compiler.compiler.MyVisitor.visitFunctionCall(MyVisitor.java:258)
	at br.com.compiler.compiler.MyVisitor.visitFunctionCall(MyVisitor.java:1)
	at br.com.compiler.parser.DemoParser$FunctionCallContext.accept(DemoParser.java:1319)
	at org.antlr.v4.runtime.tree.AbstractParseTreeVisitor.visitChildren(AbstractParseTreeVisitor.java:70)
	at br.com.compiler.parser.DemoBaseVisitor.visitFuncCallExpression(DemoBaseVisitor.java:132)
	at br.com.compiler.parser.DemoParser$FuncCallExpressionContext.accept(DemoParser.java:645)
	at org.antlr.v4.runtime.tree.AbstractParseTreeVisitor.visit(AbstractParseTreeVisitor.java:42)
	at br.com.compiler.compiler.MyVisitor.visitPrintln(MyVisitor.java:61)
	at br.com.compiler.compiler.MyVisitor.visitPrintln(MyVisitor.java:1)
	at br.com.compiler.parser.DemoParser$PrintlnContext.accept(DemoParser.java:1089)
	at org.antlr.v4.runtime.tree.AbstractParseTreeVisitor.visitChildren(AbstractParseTreeVisitor.java:70)
	at br.com.compiler.parser.DemoBaseVisitor.visitStatement(DemoBaseVisitor.java:41)
	at br.com.compiler.parser.DemoParser$StatementContext.accept(DemoParser.java:251)
	at org.antlr.v4.runtime.tree.AbstractParseTreeVisitor.visitChildren(AbstractParseTreeVisitor.java:70)
	at br.com.compiler.parser.DemoBaseVisitor.visitMainStatement(DemoBaseVisitor.java:27)
	at br.com.compiler.parser.DemoParser$MainStatementContext.accept(DemoParser.java:180)
	at org.antlr.v4.runtime.tree.AbstractParseTreeVisitor.visit(AbstractParseTreeVisitor.java:42)
	at br.com.compiler.compiler.MyVisitor.visitProgram(MyVisitor.java:313)
	at br.com.compiler.compiler.MyVisitor.visitProgram(MyVisitor.java:1)
	at br.com.compiler.parser.DemoParser$ProgramContext.accept(DemoParser.java:112)
	at org.antlr.v4.runtime.tree.AbstractParseTreeVisitor.visit(AbstractParseTreeVisitor.java:42)
	at br.com.compiler.compiler.Main.compile(Main.java:28)
	at br.com.compiler.compiler.CompilerTest.compileAndRun(CompilerTest.java:235)
	at br.com.compiler.compiler.CompilerTest.compilingCode_throwsUndefinedFunctionException_whenCallingUndefinedFunction(CompilerTest.java:91)
	at sun.reflect.NativeMethodAccessorImpl.invoke0(Native Method)
	at sun.reflect.NativeMethodAccessorImpl.invoke(NativeMethodAccessorImpl.java:57)
	at sun.reflect.DelegatingMethodAccessorImpl.invoke(DelegatingMethodAccessorImpl.java:43)
	at java.lang.reflect.Method.invoke(Method.java:606)
	at org.testng.internal.MethodInvocationHelper.invokeMethod(MethodInvocationHelper.java:85)
	at org.testng.internal.Invoker.invokeMethod(Invoker.java:639)
	at org.testng.internal.Invoker.invokeTestMethod(Invoker.java:816)
	at org.testng.internal.Invoker.invokeTestMethods(Invoker.java:1124)
	at org.testng.internal.TestMethodWorker.invokeTestMethods(TestMethodWorker.java:124)
	at org.testng.internal.TestMethodWorker.run(TestMethodWorker.java:108)
	at org.testng.TestRunner.privateRun(TestRunner.java:773)
	at org.testng.TestRunner.run(TestRunner.java:623)
	at org.testng.SuiteRunner.runTest(SuiteRunner.java:359)
	at org.testng.SuiteRunner.runSequentially(SuiteRunner.java:354)
	at org.testng.SuiteRunner.privateRun(SuiteRunner.java:312)
	at org.testng.SuiteRunner.run(SuiteRunner.java:261)
	at org.testng.SuiteRunnerWorker.runSuite(SuiteRunnerWorker.java:52)
	at org.testng.SuiteRunnerWorker.run(SuiteRunnerWorker.java:86)
	at org.testng.TestNG.runSuitesSequentially(TestNG.java:1185)
	at org.testng.TestNG.runSuitesLocally(TestNG.java:1110)
	at org.testng.TestNG.run(TestNG.java:1018)
	at org.testng.remote.RemoteTestNG.run(RemoteTestNG.java:112)
	at org.testng.remote.RemoteTestNG.initAndRun(RemoteTestNG.java:205)
	at org.testng.remote.RemoteTestNG.main(RemoteTestNG.java:176)
</div></td></tr></table><p class="totop"><a href="#summary">back to summary</a></p><h3 id="m7">br.com.compiler.compiler.CompilerTest#compilingCode_throwsVariableAlreadyDefinedException_whenDefiningAlreadyDefinedVariable</h3><table class="result"><tr><th>Expected Exception</th></tr><tr><td><div class="stacktrace">br.com.compiler.compiler.exceptions.VariableAlreadyDefinedException: 2:4 variable already defined: &lt;x&gt;
	at br.com.compiler.compiler.MyVisitor.visitVarDeclaration(MyVisitor.java:226)
	at br.com.compiler.compiler.MyVisitor.visitVarDeclaration(MyVisitor.java:1)
	at br.com.compiler.parser.DemoParser$VarDeclarationContext.accept(DemoParser.java:995)
	at org.antlr.v4.runtime.tree.AbstractParseTreeVisitor.visitChildren(AbstractParseTreeVisitor.java:70)
	at br.com.compiler.parser.DemoBaseVisitor.visitStatement(DemoBaseVisitor.java:41)
	at br.com.compiler.parser.DemoParser$StatementContext.accept(DemoParser.java:251)
	at org.antlr.v4.runtime.tree.AbstractParseTreeVisitor.visitChildren(AbstractParseTreeVisitor.java:70)
	at br.com.compiler.parser.DemoBaseVisitor.visitMainStatement(DemoBaseVisitor.java:27)
	at br.com.compiler.parser.DemoParser$MainStatementContext.accept(DemoParser.java:180)
	at org.antlr.v4.runtime.tree.AbstractParseTreeVisitor.visit(AbstractParseTreeVisitor.java:42)
	at br.com.compiler.compiler.MyVisitor.visitProgram(MyVisitor.java:313)
	at br.com.compiler.compiler.MyVisitor.visitProgram(MyVisitor.java:1)
	at br.com.compiler.parser.DemoParser$ProgramContext.accept(DemoParser.java:112)
	at org.antlr.v4.runtime.tree.AbstractParseTreeVisitor.visit(AbstractParseTreeVisitor.java:42)
	at br.com.compiler.compiler.Main.compile(Main.java:28)
	at br.com.compiler.compiler.CompilerTest.compileAndRun(CompilerTest.java:235)
	at br.com.compiler.compiler.CompilerTest.compilingCode_throwsVariableAlreadyDefinedException_whenDefiningAlreadyDefinedVariable(CompilerTest.java:82)
	at sun.reflect.NativeMethodAccessorImpl.invoke0(Native Method)
	at sun.reflect.NativeMethodAccessorImpl.invoke(NativeMethodAccessorImpl.java:57)
	at sun.reflect.DelegatingMethodAccessorImpl.invoke(DelegatingMethodAccessorImpl.java:43)
	at java.lang.reflect.Method.invoke(Method.java:606)
	at org.testng.internal.MethodInvocationHelper.invokeMethod(MethodInvocationHelper.java:85)
	at org.testng.internal.Invoker.invokeMethod(Invoker.java:639)
	at org.testng.internal.Invoker.invokeTestMethod(Invoker.java:816)
	at org.testng.internal.Invoker.invokeTestMethods(Invoker.java:1124)
	at org.testng.internal.TestMethodWorker.invokeTestMethods(TestMethodWorker.java:124)
	at org.testng.internal.TestMethodWorker.run(TestMethodWorker.java:108)
	at org.testng.TestRunner.privateRun(TestRunner.java:773)
	at org.testng.TestRunner.run(TestRunner.java:623)
	at org.testng.SuiteRunner.runTest(SuiteRunner.java:359)
	at org.testng.SuiteRunner.runSequentially(SuiteRunner.java:354)
	at org.testng.SuiteRunner.privateRun(SuiteRunner.java:312)
	at org.testng.SuiteRunner.run(SuiteRunner.java:261)
	at org.testng.SuiteRunnerWorker.runSuite(SuiteRunnerWorker.java:52)
	at org.testng.SuiteRunnerWorker.run(SuiteRunnerWorker.java:86)
	at org.testng.TestNG.runSuitesSequentially(TestNG.java:1185)
	at org.testng.TestNG.runSuitesLocally(TestNG.java:1110)
	at org.testng.TestNG.run(TestNG.java:1018)
	at org.testng.remote.RemoteTestNG.run(RemoteTestNG.java:112)
	at org.testng.remote.RemoteTestNG.initAndRun(RemoteTestNG.java:205)
	at org.testng.remote.RemoteTestNG.main(RemoteTestNG.java:176)
</div></td></tr></table><p class="totop"><a href="#summary">back to summary</a></p><h3 id="m8">br.com.compiler.compiler.CompilerTest#runningCode_outputsExpectedText</h3><table class="result"><tr class="param"><th>Parameter #1</th><th>Parameter #2</th><th>Parameter #3</th></tr><tr class="param stripe"><td>greater than or equal false</td><td>println(1 &gt;= 2);</td><td>0
</td></tr></table><p class="totop"><a href="#summary">back to summary</a></p><h3 id="m9">br.com.compiler.compiler.CompilerTest#runningCode_outputsExpectedText</h3><table class="result"><tr class="param"><th>Parameter #1</th><th>Parameter #2</th><th>Parameter #3</th></tr><tr class="param stripe"><td>and left false</td><td>println(0 &amp;&amp; 1);</td><td>0
</td></tr></table><p class="totop"><a href="#summary">back to summary</a></p><h3 id="m10">br.com.compiler.compiler.CompilerTest#runningCode_outputsExpectedText</h3><table class="result"><tr class="param"><th>Parameter #1</th><th>Parameter #2</th><th>Parameter #3</th></tr><tr class="param stripe"><td>if int false</td><td>if (0) {
	println(81);
} else {
	println(42);
}</td><td>42
</td></tr></table><p class="totop"><a href="#summary">back to summary</a></p><h3 id="m11">br.com.compiler.compiler.CompilerTest#runningCode_outputsExpectedText</h3><table class="result"><tr class="param"><th>Parameter #1</th><th>Parameter #2</th><th>Parameter #3</th></tr><tr class="param stripe"><td>int parameters</td><td>int add(int a, int b) {
	return a+b;
}
println(add(5,8));</td><td>13
</td></tr></table><p class="totop"><a href="#summary">back to summary</a></p><h3 id="m12">br.com.compiler.compiler.CompilerTest#runningCode_outputsExpectedText</h3><table class="result"><tr class="param"><th>Parameter #1</th><th>Parameter #2</th><th>Parameter #3</th></tr><tr class="param stripe"><td>plus</td><td>println(1+2);</td><td>3
</td></tr></table><p class="totop"><a href="#summary">back to summary</a></p><h3 id="m13">br.com.compiler.compiler.CompilerTest#runningCode_outputsExpectedText</h3><table class="result"><tr class="param"><th>Parameter #1</th><th>Parameter #2</th><th>Parameter #3</th></tr><tr class="param stripe"><td>plus and times</td><td>println(2+3*3);</td><td>11
</td></tr></table><p class="totop"><a href="#summary">back to summary</a></p><h3 id="m14">br.com.compiler.compiler.CompilerTest#runningCode_outputsExpectedText</h3><table class="result"><tr class="param"><th>Parameter #1</th><th>Parameter #2</th><th>Parameter #3</th></tr><tr class="param stripe"><td>divide and times</td><td>println(8/2*4);</td><td>16
</td></tr></table><p class="totop"><a href="#summary">back to summary</a></p><h3 id="m15">br.com.compiler.compiler.CompilerTest#runningCode_outputsExpectedText</h3><table class="result"><tr class="param"><th>Parameter #1</th><th>Parameter #2</th><th>Parameter #3</th></tr><tr class="param stripe"><td>or right true</td><td>println(0 || 1);</td><td>1
</td></tr></table><p class="totop"><a href="#summary">back to summary</a></p><h3 id="m16">br.com.compiler.compiler.CompilerTest#runningCode_outputsExpectedText</h3><table class="result"><tr class="param"><th>Parameter #1</th><th>Parameter #2</th><th>Parameter #3</th></tr><tr class="param stripe"><td>divide</td><td>println(6/2);</td><td>3
</td></tr></table><p class="totop"><a href="#summary">back to summary</a></p><h3 id="m17">br.com.compiler.compiler.CompilerTest#runningCode_outputsExpectedText</h3><table class="result"><tr class="param"><th>Parameter #1</th><th>Parameter #2</th><th>Parameter #3</th></tr><tr class="param stripe"><td>forStatement/for_stat</td><td>for (int i = 0; i &lt; 5 ; i++) {
	print(i);
}</td><td>01234</td></tr></table><p class="totop"><a href="#summary">back to summary</a></p><h3 id="m18">br.com.compiler.compiler.CompilerTest#runningCode_outputsExpectedText</h3><table class="result"><tr class="param"><th>Parameter #1</th><th>Parameter #2</th><th>Parameter #3</th></tr><tr class="param stripe"><td>add var and constant parameter</td><td>int foo; foo = 42; println(foo+2);</td><td>44
</td></tr></table><p class="totop"><a href="#summary">back to summary</a></p><h3 id="m19">br.com.compiler.compiler.CompilerTest#runningCode_outputsExpectedText</h3><table class="result"><tr class="param"><th>Parameter #1</th><th>Parameter #2</th><th>Parameter #3</th></tr><tr class="param stripe"><td>overloading</td><td>int x() { return 0; }
int x(int a) { return a; }
println(x());
println(x(42));</td><td>0
42
</td></tr></table><p class="totop"><a href="#summary">back to summary</a></p><h3 id="m20">br.com.compiler.compiler.CompilerTest#runningCode_outputsExpectedText</h3><table class="result"><tr class="param"><th>Parameter #1</th><th>Parameter #2</th><th>Parameter #3</th></tr><tr class="param stripe"><td>simple function</td><td>int randomNumber() {
int i;
i = 4;
return i;
}
println(randomNumber());</td><td>4
</td></tr></table><p class="totop"><a href="#summary">back to summary</a></p><h3 id="m21">br.com.compiler.compiler.CompilerTest#runningCode_outputsExpectedText</h3><table class="result"><tr class="param"><th>Parameter #1</th><th>Parameter #2</th><th>Parameter #3</th></tr><tr class="param stripe"><td>r_float/print_float</td><td>println(15.561);</td><td>15.561
</td></tr></table><p class="totop"><a href="#summary">back to summary</a></p><h3 id="m22">br.com.compiler.compiler.CompilerTest#runningCode_outputsExpectedText</h3><table class="result"><tr class="param"><th>Parameter #1</th><th>Parameter #2</th><th>Parameter #3</th></tr><tr class="param stripe"><td>greater than or equal true</td><td>println(2 &gt;= 2);</td><td>1
</td></tr></table><p class="totop"><a href="#summary">back to summary</a></p><h3 id="m23">br.com.compiler.compiler.CompilerTest#runningCode_outputsExpectedText</h3><table class="result"><tr class="param"><th>Parameter #1</th><th>Parameter #2</th><th>Parameter #3</th></tr><tr class="param stripe"><td>lower than false</td><td>println(2 &lt; 2);</td><td>0
</td></tr></table><p class="totop"><a href="#summary">back to summary</a></p><h3 id="m24">br.com.compiler.compiler.CompilerTest#runningCode_outputsExpectedText</h3><table class="result"><tr class="param"><th>Parameter #1</th><th>Parameter #2</th><th>Parameter #3</th></tr><tr class="param stripe"><td>greater than false</td><td>println(2 &gt; 2);</td><td>0
</td></tr></table><p class="totop"><a href="#summary">back to summary</a></p><h3 id="m25">br.com.compiler.compiler.CompilerTest#runningCode_outputsExpectedText</h3><table class="result"><tr class="param"><th>Parameter #1</th><th>Parameter #2</th><th>Parameter #3</th></tr><tr class="param stripe"><td>scopes</td><td>int randomNumber() {
	int i;
	i = 4;
	return i;
}
int i;
i = 42;
println(randomNumber());
println(i);</td><td>4
42
</td></tr></table><p class="totop"><a href="#summary">back to summary</a></p><h3 id="m26">br.com.compiler.compiler.CompilerTest#runningCode_outputsExpectedText</h3><table class="result"><tr class="param"><th>Parameter #1</th><th>Parameter #2</th><th>Parameter #3</th></tr><tr class="param stripe"><td>print</td><td>print(42);</td><td>42</td></tr></table><p class="totop"><a href="#summary">back to summary</a></p><h3 id="m27">br.com.compiler.compiler.CompilerTest#runningCode_outputsExpectedText</h3><table class="result"><tr class="param"><th>Parameter #1</th><th>Parameter #2</th><th>Parameter #3</th></tr><tr class="param stripe"><td>unary/unary-minus-minus</td><td>int w = 0;
w--;
print(w);</td><td>-1</td></tr></table><p class="totop"><a href="#summary">back to summary</a></p><h3 id="m28">br.com.compiler.compiler.CompilerTest#runningCode_outputsExpectedText</h3><table class="result"><tr class="param"><th>Parameter #1</th><th>Parameter #2</th><th>Parameter #3</th></tr><tr class="param stripe"><td>lower than or equal false</td><td>println(3 &lt;= 2);</td><td>0
</td></tr></table><p class="totop"><a href="#summary">back to summary</a></p><h3 id="m29">br.com.compiler.compiler.CompilerTest#runningCode_outputsExpectedText</h3><table class="result"><tr class="param"><th>Parameter #1</th><th>Parameter #2</th><th>Parameter #3</th></tr><tr class="param stripe"><td>and true</td><td>println(1 &amp;&amp; 1);</td><td>1
</td></tr></table><p class="totop"><a href="#summary">back to summary</a></p><h3 id="m30">br.com.compiler.compiler.CompilerTest#runningCode_outputsExpectedText</h3><table class="result"><tr class="param"><th>Parameter #1</th><th>Parameter #2</th><th>Parameter #3</th></tr><tr class="param stripe"><td>add two vars parameter</td><td>int a; int b; a = 2; b = 5; println(a+b);</td><td>7
</td></tr></table><p class="totop"><a href="#summary">back to summary</a></p><h3 id="m31">br.com.compiler.compiler.CompilerTest#runningCode_outputsExpectedText</h3><table class="result"><tr class="param"><th>Parameter #1</th><th>Parameter #2</th><th>Parameter #3</th></tr><tr class="param stripe"><td>operators/and-skip-right</td><td>int x(int i) {
	println(i);
	return i;
}

println(x(0) &amp;&amp; x(1));</td><td>0
0
</td></tr></table><p class="totop"><a href="#summary">back to summary</a></p><h3 id="m32">br.com.compiler.compiler.CompilerTest#runningCode_outputsExpectedText</h3><table class="result"><tr class="param"><th>Parameter #1</th><th>Parameter #2</th><th>Parameter #3</th></tr><tr class="param stripe"><td>string/print_string</td><td>print(&quot;teste&quot;);</td><td>teste</td></tr></table><p class="totop"><a href="#summary">back to summary</a></p><h3 id="m33">br.com.compiler.compiler.CompilerTest#runningCode_outputsExpectedText</h3><table class="result"><tr class="param"><th>Parameter #1</th><th>Parameter #2</th><th>Parameter #3</th></tr><tr class="param stripe"><td>minus</td><td>println(3-2);</td><td>1
</td></tr></table><p class="totop"><a href="#summary">back to summary</a></p><h3 id="m34">br.com.compiler.compiler.CompilerTest#runningCode_outputsExpectedText</h3><table class="result"><tr class="param"><th>Parameter #1</th><th>Parameter #2</th><th>Parameter #3</th></tr><tr class="param stripe"><td>lower than true</td><td>println(1 &lt; 2);</td><td>1
</td></tr></table><p class="totop"><a href="#summary">back to summary</a></p><h3 id="m35">br.com.compiler.compiler.CompilerTest#runningCode_outputsExpectedText</h3><table class="result"><tr class="param"><th>Parameter #1</th><th>Parameter #2</th><th>Parameter #3</th></tr><tr class="param stripe"><td>unary/unary-plus-plus</td><td>int w = 0;
w++;
print(w);</td><td>1</td></tr></table><p class="totop"><a href="#summary">back to summary</a></p><h3 id="m36">br.com.compiler.compiler.CompilerTest#runningCode_outputsExpectedText</h3><table class="result"><tr class="param"><th>Parameter #1</th><th>Parameter #2</th><th>Parameter #3</th></tr><tr class="param stripe"><td>or false</td><td>println(0 || 0);</td><td>0
</td></tr></table><p class="totop"><a href="#summary">back to summary</a></p><h3 id="m37">br.com.compiler.compiler.CompilerTest#runningCode_outputsExpectedText</h3><table class="result"><tr class="param"><th>Parameter #1</th><th>Parameter #2</th><th>Parameter #3</th></tr><tr class="param stripe"><td>return only function</td><td>int randomNumber() { return 4; } println(randomNumber());</td><td>4
</td></tr></table><p class="totop"><a href="#summary">back to summary</a></p><h3 id="m38">br.com.compiler.compiler.CompilerTest#runningCode_outputsExpectedText</h3><table class="result"><tr class="param"><th>Parameter #1</th><th>Parameter #2</th><th>Parameter #3</th></tr><tr class="param stripe"><td>greater than true</td><td>println(3 &gt; 2);</td><td>1
</td></tr></table><p class="totop"><a href="#summary">back to summary</a></p><h3 id="m39">br.com.compiler.compiler.CompilerTest#runningCode_outputsExpectedText</h3><table class="result"><tr class="param"><th>Parameter #1</th><th>Parameter #2</th><th>Parameter #3</th></tr><tr class="param stripe"><td>and right false</td><td>println(1 &amp;&amp; 0);</td><td>0
</td></tr></table><p class="totop"><a href="#summary">back to summary</a></p><h3 id="m40">br.com.compiler.compiler.CompilerTest#runningCode_outputsExpectedText</h3><table class="result"><tr class="param"><th>Parameter #1</th><th>Parameter #2</th><th>Parameter #3</th></tr><tr class="param stripe"><td>minus and times</td><td>println(9-2*3);</td><td>3
</td></tr></table><p class="totop"><a href="#summary">back to summary</a></p><h3 id="m41">br.com.compiler.compiler.CompilerTest#runningCode_outputsExpectedText</h3><table class="result"><tr class="param"><th>Parameter #1</th><th>Parameter #2</th><th>Parameter #3</th></tr><tr class="param stripe"><td>divide and truncate</td><td>println(7/2);</td><td>3
</td></tr></table><p class="totop"><a href="#summary">back to summary</a></p><h3 id="m42">br.com.compiler.compiler.CompilerTest#runningCode_outputsExpectedText</h3><table class="result"><tr class="param"><th>Parameter #1</th><th>Parameter #2</th><th>Parameter #3</th></tr><tr class="param stripe"><td>r_float/int_plus_float</td><td>println(5.5+3.3);</td><td>8.8
</td></tr></table><p class="totop"><a href="#summary">back to summary</a></p><h3 id="m43">br.com.compiler.compiler.CompilerTest#runningCode_outputsExpectedText</h3><table class="result"><tr class="param"><th>Parameter #1</th><th>Parameter #2</th><th>Parameter #3</th></tr><tr class="param stripe"><td>or left true</td><td>println(1 || 0);</td><td>1
</td></tr></table><p class="totop"><a href="#summary">back to summary</a></p><h3 id="m44">br.com.compiler.compiler.CompilerTest#runningCode_outputsExpectedText</h3><table class="result"><tr class="param"><th>Parameter #1</th><th>Parameter #2</th><th>Parameter #3</th></tr><tr class="param stripe"><td>lower than or equal true</td><td>println(2 &lt;= 2);</td><td>1
</td></tr></table><p class="totop"><a href="#summary">back to summary</a></p><h3 id="m45">br.com.compiler.compiler.CompilerTest#runningCode_outputsExpectedText</h3><table class="result"><tr class="param"><th>Parameter #1</th><th>Parameter #2</th><th>Parameter #3</th></tr><tr class="param stripe"><td>branch/if_int_true</td><td>if (1) {
  println(81);
} else {
  println(42);
}</td><td>81
</td></tr></table><p class="totop"><a href="#summary">back to summary</a></p><h3 id="m46">br.com.compiler.compiler.CompilerTest#runningCode_outputsExpectedText</h3><table class="result"><tr class="param"><th>Parameter #1</th><th>Parameter #2</th><th>Parameter #3</th></tr><tr class="param stripe"><td>multiple statements</td><td>println(1); println(2);</td><td>1
2
</td></tr></table><p class="totop"><a href="#summary">back to summary</a></p><h3 id="m47">br.com.compiler.compiler.CompilerTest#runningCode_outputsExpectedText</h3><table class="result"><tr class="param"><th>Parameter #1</th><th>Parameter #2</th><th>Parameter #3</th></tr><tr class="param stripe"><td>times</td><td>println(2*3);</td><td>6
</td></tr></table><p class="totop"><a href="#summary">back to summary</a></p><h3 id="m48">br.com.compiler.compiler.CompilerTest#runningCode_outputsExpectedText</h3><table class="result"><tr class="param"><th>Parameter #1</th><th>Parameter #2</th><th>Parameter #3</th></tr><tr class="param stripe"><td>operators/or-skip-right</td><td>int x(int i) {
	println(i);
	return i;
}

println(x(1) || x(0));</td><td>1
1
</td></tr></table><p class="totop"><a href="#summary">back to summary</a></p><h3 id="m49">br.com.compiler.compiler.CompilerTest#runningCode_outputsExpectedText</h3><table class="result"><tr class="param"><th>Parameter #1</th><th>Parameter #2</th><th>Parameter #3</th></tr><tr class="param stripe"><td>chained plus</td><td>println(1+2+42);</td><td>45
</td></tr></table><p class="totop"><a href="#summary">back to summary</a></p><h3 id="m50">br.com.compiler.compiler.CompilerTest#runningCode_outputsExpectedText</h3><table class="result"><tr class="param"><th>Parameter #1</th><th>Parameter #2</th><th>Parameter #3</th></tr><tr class="param stripe"><td>int variable</td><td>int foo; foo = 42; println(foo);</td><td>42
</td></tr></table><p class="totop"><a href="#summary">back to summary</a></p></body></html>